[25-Jul-2024 11:23:53 UTC] PHP Fatal error:  Uncaught ArgumentCountError: Too few arguments to function TvadiOperations::listings_export_to_csv(), 0 passed in /home/hipldemo1/tvadi.hipl-staging1.com/wp-content/themes/tvadimarket/inc/classes/class.tvadi-operations.php on line 618 and exactly 1 expected in /home/hipldemo1/tvadi.hipl-staging1.com/wp-content/themes/tvadimarket/inc/classes/class.tvadi-operations.php:606
Stack trace:
#0 /home/hipldemo1/tvadi.hipl-staging1.com/wp-content/themes/tvadimarket/inc/classes/class.tvadi-operations.php(618): TvadiOperations::listings_export_to_csv()
#1 /home/hipldemo1/tvadi.hipl-staging1.com/wp-content/themes/tvadimarket/functions.php(182): require('/home/hipldemo1...')
#2 /home/hipldemo1/tvadi.hipl-staging1.com/wp-settings.php(668): include('/home/hipldemo1...')
#3 /home/hipldemo1/tvadi.hipl-staging1.com/wp-config.php(105): require_once('/home/hipldemo1...')
#4 /home/hipldemo1/tvadi.hipl-staging1.com/wp-load.php(50): require_once('/home/hipldemo1...')
#5 /home/hipldemo1/tvadi.hipl-staging1.com/wp-admin/admin.php(34): require_once('/home/hipldemo1...')
#6 {main}
  thrown in /home/hipldemo1/tvadi.hipl-staging1.com/wp-content/themes/tvadimarket/inc/classes/class.tvadi-operations.php on line 606
[25-Jul-2024 11:23:53 UTC] PHP Fatal error:  Uncaught ArgumentCountError: Too few arguments to function TvadiOperations::listings_export_to_csv(), 0 passed in /home/hipldemo1/tvadi.hipl-staging1.com/wp-content/themes/tvadimarket/inc/classes/class.tvadi-operations.php on line 618 and exactly 1 expected in /home/hipldemo1/tvadi.hipl-staging1.com/wp-content/themes/tvadimarket/inc/classes/class.tvadi-operations.php:606
Stack trace:
#0 /home/hipldemo1/tvadi.hipl-staging1.com/wp-content/themes/tvadimarket/inc/classes/class.tvadi-operations.php(618): TvadiOperations::listings_export_to_csv()
#1 /home/hipldemo1/tvadi.hipl-staging1.com/wp-content/themes/tvadimarket/functions.php(182): require('/home/hipldemo1...')
#2 /home/hipldemo1/tvadi.hipl-staging1.com/wp-settings.php(668): include('/home/hipldemo1...')
#3 /home/hipldemo1/tvadi.hipl-staging1.com/wp-config.php(105): require_once('/home/hipldemo1...')
#4 /home/hipldemo1/tvadi.hipl-staging1.com/wp-load.php(50): require_once('/home/hipldemo1...')
#5 /home/hipldemo1/tvadi.hipl-staging1.com/wp-blog-header.php(13): require_once('/home/hipldemo1...')
#6 /home/hipldemo1/tvadi.hipl-staging1.com/index.php(17): require('/home/hipldemo1...')
#7 {main}
  thrown in /home/hipldemo1/tvadi.hipl-staging1.com/wp-content/themes/tvadimarket/inc/classes/class.tvadi-operations.php on line 606
[25-Jul-2024 11:26:28 UTC] PHP Warning:  Cannot modify header information - headers already sent by (output started at /home/hipldemo1/tvadi.hipl-staging1.com/wp-admin/includes/template.php:2649) in /home/hipldemo1/tvadi.hipl-staging1.com/wp-content/themes/tvadimarket/inc/classes/class.tvadi-operations.php on line 607
[25-Jul-2024 11:26:28 UTC] PHP Warning:  Cannot modify header information - headers already sent by (output started at /home/hipldemo1/tvadi.hipl-staging1.com/wp-admin/includes/template.php:2649) in /home/hipldemo1/tvadi.hipl-staging1.com/wp-content/themes/tvadimarket/inc/classes/class.tvadi-operations.php on line 608
[25-Jul-2024 11:26:55 UTC] PHP Warning:  Cannot modify header information - headers already sent by (output started at /home/hipldemo1/tvadi.hipl-staging1.com/wp-admin/includes/template.php:2649) in /home/hipldemo1/tvadi.hipl-staging1.com/wp-content/themes/tvadimarket/inc/classes/class.tvadi-operations.php on line 607
[25-Jul-2024 11:26:55 UTC] PHP Warning:  Cannot modify header information - headers already sent by (output started at /home/hipldemo1/tvadi.hipl-staging1.com/wp-admin/includes/template.php:2649) in /home/hipldemo1/tvadi.hipl-staging1.com/wp-content/themes/tvadimarket/inc/classes/class.tvadi-operations.php on line 608
[25-Jul-2024 11:27:23 UTC] PHP Warning:  Cannot modify header information - headers already sent by (output started at /home/hipldemo1/tvadi.hipl-staging1.com/wp-admin/includes/template.php:2649) in /home/hipldemo1/tvadi.hipl-staging1.com/wp-content/themes/tvadimarket/inc/classes/class.tvadi-operations.php on line 607
[25-Jul-2024 11:27:23 UTC] PHP Warning:  Cannot modify header information - headers already sent by (output started at /home/hipldemo1/tvadi.hipl-staging1.com/wp-admin/includes/template.php:2649) in /home/hipldemo1/tvadi.hipl-staging1.com/wp-content/themes/tvadimarket/inc/classes/class.tvadi-operations.php on line 608
[25-Jul-2024 11:28:38 UTC] PHP Fatal error:  Uncaught ArgumentCountError: Too few arguments to function TvadiOperations::listings_export_to_csv(), 0 passed in /home/hipldemo1/tvadi.hipl-staging1.com/wp-content/themes/tvadimarket/inc/classes/class.tvadi-operations.php on line 11 and exactly 1 expected in /home/hipldemo1/tvadi.hipl-staging1.com/wp-content/themes/tvadimarket/inc/classes/class.tvadi-operations.php:607
Stack trace:
#0 /home/hipldemo1/tvadi.hipl-staging1.com/wp-content/themes/tvadimarket/inc/classes/class.tvadi-operations.php(11): TvadiOperations::listings_export_to_csv()
#1 /home/hipldemo1/tvadi.hipl-staging1.com/wp-content/themes/tvadimarket/inc/classes/class.tvadi-operations.php(620): TvadiOperations::init()
#2 /home/hipldemo1/tvadi.hipl-staging1.com/wp-content/themes/tvadimarket/functions.php(182): require('/home/hipldemo1...')
#3 /home/hipldemo1/tvadi.hipl-staging1.com/wp-settings.php(668): include('/home/hipldemo1...')
#4 /home/hipldemo1/tvadi.hipl-staging1.com/wp-config.php(105): require_once('/home/hipldemo1...')
#5 /home/hipldemo1/tvadi.hipl-staging1.com/wp-load.php(50): require_once('/home/hipldemo1...')
#6 /home/hipldemo1/tvadi.hipl-staging1.com/wp-admin/admin.php(34): require_once('/home/hipldemo1...')
#7 {main}
  thrown in /home/hipldemo1/tvadi.hipl-staging1.com/wp-content/themes/tvadimarket/inc/classes/class.tvadi-operations.php on line 607
[25-Jul-2024 11:28:39 UTC] PHP Fatal error:  Uncaught ArgumentCountError: Too few arguments to function TvadiOperations::listings_export_to_csv(), 0 passed in /home/hipldemo1/tvadi.hipl-staging1.com/wp-content/themes/tvadimarket/inc/classes/class.tvadi-operations.php on line 11 and exactly 1 expected in /home/hipldemo1/tvadi.hipl-staging1.com/wp-content/themes/tvadimarket/inc/classes/class.tvadi-operations.php:607
Stack trace:
#0 /home/hipldemo1/tvadi.hipl-staging1.com/wp-content/themes/tvadimarket/inc/classes/class.tvadi-operations.php(11): TvadiOperations::listings_export_to_csv()
#1 /home/hipldemo1/tvadi.hipl-staging1.com/wp-content/themes/tvadimarket/inc/classes/class.tvadi-operations.php(620): TvadiOperations::init()
#2 /home/hipldemo1/tvadi.hipl-staging1.com/wp-content/themes/tvadimarket/functions.php(182): require('/home/hipldemo1...')
#3 /home/hipldemo1/tvadi.hipl-staging1.com/wp-settings.php(668): include('/home/hipldemo1...')
#4 /home/hipldemo1/tvadi.hipl-staging1.com/wp-config.php(105): require_once('/home/hipldemo1...')
#5 /home/hipldemo1/tvadi.hipl-staging1.com/wp-load.php(50): require_once('/home/hipldemo1...')
#6 /home/hipldemo1/tvadi.hipl-staging1.com/wp-blog-header.php(13): require_once('/home/hipldemo1...')
#7 /home/hipldemo1/tvadi.hipl-staging1.com/index.php(17): require('/home/hipldemo1...')
#8 {main}
  thrown in /home/hipldemo1/tvadi.hipl-staging1.com/wp-content/themes/tvadimarket/inc/classes/class.tvadi-operations.php on line 607
[25-Jul-2024 11:32:37 UTC] PHP Warning:  Cannot modify header information - headers already sent by (output started at /home/hipldemo1/tvadi.hipl-staging1.com/wp-admin/includes/template.php:2649) in /home/hipldemo1/tvadi.hipl-staging1.com/wp-content/themes/tvadimarket/inc/classes/class.tvadi-operations.php on line 608
[25-Jul-2024 11:32:37 UTC] PHP Warning:  Cannot modify header information - headers already sent by (output started at /home/hipldemo1/tvadi.hipl-staging1.com/wp-admin/includes/template.php:2649) in /home/hipldemo1/tvadi.hipl-staging1.com/wp-content/themes/tvadimarket/inc/classes/class.tvadi-operations.php on line 609
[25-Jul-2024 11:33:48 UTC] PHP Warning:  Cannot modify header information - headers already sent by (output started at /home/hipldemo1/tvadi.hipl-staging1.com/wp-admin/includes/template.php:2649) in /home/hipldemo1/tvadi.hipl-staging1.com/wp-content/themes/tvadimarket/inc/classes/class.tvadi-operations.php on line 611
[25-Jul-2024 11:33:48 UTC] PHP Warning:  Cannot modify header information - headers already sent by (output started at /home/hipldemo1/tvadi.hipl-staging1.com/wp-admin/includes/template.php:2649) in /home/hipldemo1/tvadi.hipl-staging1.com/wp-content/themes/tvadimarket/inc/classes/class.tvadi-operations.php on line 612
[25-Jul-2024 11:35:10 UTC] PHP Warning:  Cannot modify header information - headers already sent by (output started at /home/hipldemo1/tvadi.hipl-staging1.com/wp-admin/includes/template.php:2649) in /home/hipldemo1/tvadi.hipl-staging1.com/wp-content/themes/tvadimarket/inc/classes/class.tvadi-operations.php on line 613
[25-Jul-2024 11:35:10 UTC] PHP Warning:  Cannot modify header information - headers already sent by (output started at /home/hipldemo1/tvadi.hipl-staging1.com/wp-admin/includes/template.php:2649) in /home/hipldemo1/tvadi.hipl-staging1.com/wp-content/themes/tvadimarket/inc/classes/class.tvadi-operations.php on line 614
[25-Jul-2024 11:37:27 UTC] PHP Warning:  Cannot modify header information - headers already sent by (output started at /home/hipldemo1/tvadi.hipl-staging1.com/wp-admin/includes/template.php:2649) in /home/hipldemo1/tvadi.hipl-staging1.com/wp-content/themes/tvadimarket/inc/classes/class.tvadi-operations.php on line 584
[25-Jul-2024 11:37:27 UTC] PHP Warning:  Cannot modify header information - headers already sent by (output started at /home/hipldemo1/tvadi.hipl-staging1.com/wp-admin/includes/template.php:2649) in /home/hipldemo1/tvadi.hipl-staging1.com/wp-content/themes/tvadimarket/inc/classes/class.tvadi-operations.php on line 586
[25-Jul-2024 11:59:25 UTC] PHP Warning:  Cannot modify header information - headers already sent by (output started at /home/hipldemo1/tvadi.hipl-staging1.com/wp-admin/includes/template.php:2649) in /home/hipldemo1/tvadi.hipl-staging1.com/wp-includes/pluggable.php on line 1435
[25-Jul-2024 11:59:25 UTC] PHP Warning:  Cannot modify header information - headers already sent by (output started at /home/hipldemo1/tvadi.hipl-staging1.com/wp-admin/includes/template.php:2649) in /home/hipldemo1/tvadi.hipl-staging1.com/wp-includes/pluggable.php on line 1438
[25-Jul-2024 11:59:51 UTC] PHP Warning:  Cannot modify header information - headers already sent by (output started at /home/hipldemo1/tvadi.hipl-staging1.com/wp-admin/includes/template.php:2649) in /home/hipldemo1/tvadi.hipl-staging1.com/wp-includes/pluggable.php on line 1435
[25-Jul-2024 11:59:51 UTC] PHP Warning:  Cannot modify header information - headers already sent by (output started at /home/hipldemo1/tvadi.hipl-staging1.com/wp-admin/includes/template.php:2649) in /home/hipldemo1/tvadi.hipl-staging1.com/wp-includes/pluggable.php on line 1438
[25-Jul-2024 12:12:19 UTC] PHP Warning:  Cannot modify header information - headers already sent by (output started at /home/hipldemo1/tvadi.hipl-staging1.com/wp-admin/includes/template.php:2649) in /home/hipldemo1/tvadi.hipl-staging1.com/wp-content/themes/tvadimarket/inc/classes/class.tvadi-operations.php on line 625
[25-Jul-2024 12:12:19 UTC] PHP Warning:  Cannot modify header information - headers already sent by (output started at /home/hipldemo1/tvadi.hipl-staging1.com/wp-admin/includes/template.php:2649) in /home/hipldemo1/tvadi.hipl-staging1.com/wp-content/themes/tvadimarket/inc/classes/class.tvadi-operations.php on line 626
[25-Jul-2024 12:14:39 UTC] PHP Warning:  Cannot modify header information - headers already sent by (output started at /home/hipldemo1/tvadi.hipl-staging1.com/wp-admin/includes/template.php:2649) in /home/hipldemo1/tvadi.hipl-staging1.com/wp-content/themes/tvadimarket/inc/classes/class.tvadi-operations.php on line 630
[25-Jul-2024 12:14:39 UTC] PHP Warning:  Cannot modify header information - headers already sent by (output started at /home/hipldemo1/tvadi.hipl-staging1.com/wp-admin/includes/template.php:2649) in /home/hipldemo1/tvadi.hipl-staging1.com/wp-content/themes/tvadimarket/inc/classes/class.tvadi-operations.php on line 631
[25-Jul-2024 12:15:50 UTC] PHP Fatal error:  Uncaught TypeError: implode(): Argument #2 ($array) must be of type ?array, WP_Error given in /home/hipldemo1/tvadi.hipl-staging1.com/wp-content/themes/tvadimarket/inc/classes/class.tvadi-operations.php:657
Stack trace:
#0 /home/hipldemo1/tvadi.hipl-staging1.com/wp-content/themes/tvadimarket/inc/classes/class.tvadi-operations.php(657): implode(', ', Object(WP_Error))
#1 /home/hipldemo1/tvadi.hipl-staging1.com/wp-content/themes/tvadimarket/inc/classes/class.tvadi-operations.php(11): TvadiOperations::playlists_handle_csv_export()
#2 /home/hipldemo1/tvadi.hipl-staging1.com/wp-content/themes/tvadimarket/inc/classes/class.tvadi-operations.php(668): TvadiOperations::init()
#3 /home/hipldemo1/tvadi.hipl-staging1.com/wp-content/themes/tvadimarket/functions.php(182): require('/home/hipldemo1...')
#4 /home/hipldemo1/tvadi.hipl-staging1.com/wp-settings.php(668): include('/home/hipldemo1...')
#5 /home/hipldemo1/tvadi.hipl-staging1.com/wp-config.php(105): require_once('/home/hipldemo1...')
#6 /home/hipldemo1/tvadi.hipl-staging1.com/wp-load.php(50): require_once('/home/hipldemo1...')
#7 /home/hipldemo1/tvadi.hipl-staging1.com/wp-admin/admin.php(34): require_once('/home/hipldemo1...')
#8 {main}
  thrown in /home/hipldemo1/tvadi.hipl-staging1.com/wp-content/themes/tvadimarket/inc/classes/class.tvadi-operations.php on line 657
[25-Jul-2024 12:17:46 UTC] PHP Fatal error:  Uncaught TypeError: implode(): Argument #2 ($array) must be of type ?array, WP_Error given in /home/hipldemo1/tvadi.hipl-staging1.com/wp-content/themes/tvadimarket/inc/classes/class.tvadi-operations.php:657
Stack trace:
#0 /home/hipldemo1/tvadi.hipl-staging1.com/wp-content/themes/tvadimarket/inc/classes/class.tvadi-operations.php(657): implode(', ', Object(WP_Error))
#1 /home/hipldemo1/tvadi.hipl-staging1.com/wp-content/themes/tvadimarket/inc/classes/class.tvadi-operations.php(11): TvadiOperations::playlists_handle_csv_export()
#2 /home/hipldemo1/tvadi.hipl-staging1.com/wp-content/themes/tvadimarket/inc/classes/class.tvadi-operations.php(668): TvadiOperations::init()
#3 /home/hipldemo1/tvadi.hipl-staging1.com/wp-content/themes/tvadimarket/functions.php(182): require('/home/hipldemo1...')
#4 /home/hipldemo1/tvadi.hipl-staging1.com/wp-settings.php(668): include('/home/hipldemo1...')
#5 /home/hipldemo1/tvadi.hipl-staging1.com/wp-config.php(105): require_once('/home/hipldemo1...')
#6 /home/hipldemo1/tvadi.hipl-staging1.com/wp-load.php(50): require_once('/home/hipldemo1...')
#7 /home/hipldemo1/tvadi.hipl-staging1.com/wp-admin/admin.php(34): require_once('/home/hipldemo1...')
#8 {main}
  thrown in /home/hipldemo1/tvadi.hipl-staging1.com/wp-content/themes/tvadimarket/inc/classes/class.tvadi-operations.php on line 657
[25-Jul-2024 12:18:32 UTC] PHP Fatal error:  Uncaught TypeError: implode(): Argument #2 ($array) must be of type ?array, WP_Error given in /home/hipldemo1/tvadi.hipl-staging1.com/wp-content/themes/tvadimarket/inc/classes/class.tvadi-operations.php:657
Stack trace:
#0 /home/hipldemo1/tvadi.hipl-staging1.com/wp-content/themes/tvadimarket/inc/classes/class.tvadi-operations.php(657): implode(', ', Object(WP_Error))
#1 /home/hipldemo1/tvadi.hipl-staging1.com/wp-content/themes/tvadimarket/inc/classes/class.tvadi-operations.php(11): TvadiOperations::playlists_handle_csv_export()
#2 /home/hipldemo1/tvadi.hipl-staging1.com/wp-content/themes/tvadimarket/inc/classes/class.tvadi-operations.php(668): TvadiOperations::init()
#3 /home/hipldemo1/tvadi.hipl-staging1.com/wp-content/themes/tvadimarket/functions.php(182): require('/home/hipldemo1...')
#4 /home/hipldemo1/tvadi.hipl-staging1.com/wp-settings.php(668): include('/home/hipldemo1...')
#5 /home/hipldemo1/tvadi.hipl-staging1.com/wp-config.php(105): require_once('/home/hipldemo1...')
#6 /home/hipldemo1/tvadi.hipl-staging1.com/wp-load.php(50): require_once('/home/hipldemo1...')
#7 /home/hipldemo1/tvadi.hipl-staging1.com/wp-admin/admin.php(34): require_once('/home/hipldemo1...')
#8 {main}
  thrown in /home/hipldemo1/tvadi.hipl-staging1.com/wp-content/themes/tvadimarket/inc/classes/class.tvadi-operations.php on line 657
[25-Jul-2024 12:19:22 UTC] PHP Fatal error:  Uncaught TypeError: implode(): Argument #2 ($array) must be of type ?array, WP_Error given in /home/hipldemo1/tvadi.hipl-staging1.com/wp-content/themes/tvadimarket/inc/classes/class.tvadi-operations.php:657
Stack trace:
#0 /home/hipldemo1/tvadi.hipl-staging1.com/wp-content/themes/tvadimarket/inc/classes/class.tvadi-operations.php(657): implode(', ', Object(WP_Error))
#1 /home/hipldemo1/tvadi.hipl-staging1.com/wp-content/themes/tvadimarket/inc/classes/class.tvadi-operations.php(11): TvadiOperations::playlists_handle_csv_export()
#2 /home/hipldemo1/tvadi.hipl-staging1.com/wp-content/themes/tvadimarket/inc/classes/class.tvadi-operations.php(668): TvadiOperations::init()
#3 /home/hipldemo1/tvadi.hipl-staging1.com/wp-content/themes/tvadimarket/functions.php(182): require('/home/hipldemo1...')
#4 /home/hipldemo1/tvadi.hipl-staging1.com/wp-settings.php(668): include('/home/hipldemo1...')
#5 /home/hipldemo1/tvadi.hipl-staging1.com/wp-config.php(106): require_once('/home/hipldemo1...')
#6 /home/hipldemo1/tvadi.hipl-staging1.com/wp-load.php(50): require_once('/home/hipldemo1...')
#7 /home/hipldemo1/tvadi.hipl-staging1.com/wp-admin/admin.php(34): require_once('/home/hipldemo1...')
#8 {main}
  thrown in /home/hipldemo1/tvadi.hipl-staging1.com/wp-content/themes/tvadimarket/inc/classes/class.tvadi-operations.php on line 657
[25-Jul-2024 12:19:29 UTC] PHP Fatal error:  Uncaught TypeError: implode(): Argument #2 ($array) must be of type ?array, WP_Error given in /home/hipldemo1/tvadi.hipl-staging1.com/wp-content/themes/tvadimarket/inc/classes/class.tvadi-operations.php:657
Stack trace:
#0 /home/hipldemo1/tvadi.hipl-staging1.com/wp-content/themes/tvadimarket/inc/classes/class.tvadi-operations.php(657): implode(', ', Object(WP_Error))
#1 /home/hipldemo1/tvadi.hipl-staging1.com/wp-content/themes/tvadimarket/inc/classes/class.tvadi-operations.php(11): TvadiOperations::playlists_handle_csv_export()
#2 /home/hipldemo1/tvadi.hipl-staging1.com/wp-content/themes/tvadimarket/inc/classes/class.tvadi-operations.php(668): TvadiOperations::init()
#3 /home/hipldemo1/tvadi.hipl-staging1.com/wp-content/themes/tvadimarket/functions.php(182): require('/home/hipldemo1...')
#4 /home/hipldemo1/tvadi.hipl-staging1.com/wp-settings.php(668): include('/home/hipldemo1...')
#5 /home/hipldemo1/tvadi.hipl-staging1.com/wp-config.php(106): require_once('/home/hipldemo1...')
#6 /home/hipldemo1/tvadi.hipl-staging1.com/wp-load.php(50): require_once('/home/hipldemo1...')
#7 /home/hipldemo1/tvadi.hipl-staging1.com/wp-admin/admin.php(34): require_once('/home/hipldemo1...')
#8 {main}
  thrown in /home/hipldemo1/tvadi.hipl-staging1.com/wp-content/themes/tvadimarket/inc/classes/class.tvadi-operations.php on line 657
[25-Jul-2024 12:21:38 UTC] PHP Fatal error:  Uncaught TypeError: implode(): Argument #2 ($array) must be of type ?array, WP_Error given in /home/hipldemo1/tvadi.hipl-staging1.com/wp-content/themes/tvadimarket/inc/classes/class.tvadi-operations.php:657
Stack trace:
#0 /home/hipldemo1/tvadi.hipl-staging1.com/wp-content/themes/tvadimarket/inc/classes/class.tvadi-operations.php(657): implode(', ', Object(WP_Error))
#1 /home/hipldemo1/tvadi.hipl-staging1.com/wp-content/themes/tvadimarket/inc/classes/class.tvadi-operations.php(11): TvadiOperations::playlists_handle_csv_export()
#2 /home/hipldemo1/tvadi.hipl-staging1.com/wp-content/themes/tvadimarket/inc/classes/class.tvadi-operations.php(668): TvadiOperations::init()
#3 /home/hipldemo1/tvadi.hipl-staging1.com/wp-content/themes/tvadimarket/functions.php(182): require('/home/hipldemo1...')
#4 /home/hipldemo1/tvadi.hipl-staging1.com/wp-settings.php(668): include('/home/hipldemo1...')
#5 /home/hipldemo1/tvadi.hipl-staging1.com/wp-config.php(105): require_once('/home/hipldemo1...')
#6 /home/hipldemo1/tvadi.hipl-staging1.com/wp-load.php(50): require_once('/home/hipldemo1...')
#7 /home/hipldemo1/tvadi.hipl-staging1.com/wp-admin/admin.php(34): require_once('/home/hipldemo1...')
#8 {main}
  thrown in /home/hipldemo1/tvadi.hipl-staging1.com/wp-content/themes/tvadimarket/inc/classes/class.tvadi-operations.php on line 657
[25-Jul-2024 12:22:21 UTC] PHP Fatal error:  Uncaught TypeError: implode(): Argument #2 ($array) must be of type ?array, WP_Error given in /home/hipldemo1/tvadi.hipl-staging1.com/wp-content/themes/tvadimarket/inc/classes/class.tvadi-operations.php:657
Stack trace:
#0 /home/hipldemo1/tvadi.hipl-staging1.com/wp-content/themes/tvadimarket/inc/classes/class.tvadi-operations.php(657): implode(', ', Object(WP_Error))
#1 /home/hipldemo1/tvadi.hipl-staging1.com/wp-content/themes/tvadimarket/inc/classes/class.tvadi-operations.php(11): TvadiOperations::playlists_handle_csv_export()
#2 /home/hipldemo1/tvadi.hipl-staging1.com/wp-content/themes/tvadimarket/inc/classes/class.tvadi-operations.php(668): TvadiOperations::init()
#3 /home/hipldemo1/tvadi.hipl-staging1.com/wp-content/themes/tvadimarket/functions.php(182): require('/home/hipldemo1...')
#4 /home/hipldemo1/tvadi.hipl-staging1.com/wp-settings.php(668): include('/home/hipldemo1...')
#5 /home/hipldemo1/tvadi.hipl-staging1.com/wp-config.php(105): require_once('/home/hipldemo1...')
#6 /home/hipldemo1/tvadi.hipl-staging1.com/wp-load.php(50): require_once('/home/hipldemo1...')
#7 /home/hipldemo1/tvadi.hipl-staging1.com/wp-admin/admin.php(34): require_once('/home/hipldemo1...')
#8 {main}
  thrown in /home/hipldemo1/tvadi.hipl-staging1.com/wp-content/themes/tvadimarket/inc/classes/class.tvadi-operations.php on line 657
[25-Jul-2024 12:22:21 UTC] PHP Fatal error:  Uncaught TypeError: implode(): Argument #2 ($array) must be of type ?array, WP_Error given in /home/hipldemo1/tvadi.hipl-staging1.com/wp-content/themes/tvadimarket/inc/classes/class.tvadi-operations.php:657
Stack trace:
#0 /home/hipldemo1/tvadi.hipl-staging1.com/wp-content/themes/tvadimarket/inc/classes/class.tvadi-operations.php(657): implode(', ', Object(WP_Error))
#1 /home/hipldemo1/tvadi.hipl-staging1.com/wp-content/themes/tvadimarket/inc/classes/class.tvadi-operations.php(11): TvadiOperations::playlists_handle_csv_export()
#2 /home/hipldemo1/tvadi.hipl-staging1.com/wp-content/themes/tvadimarket/inc/classes/class.tvadi-operations.php(668): TvadiOperations::init()
#3 /home/hipldemo1/tvadi.hipl-staging1.com/wp-content/themes/tvadimarket/functions.php(182): require('/home/hipldemo1...')
#4 /home/hipldemo1/tvadi.hipl-staging1.com/wp-settings.php(668): include('/home/hipldemo1...')
#5 /home/hipldemo1/tvadi.hipl-staging1.com/wp-config.php(105): require_once('/home/hipldemo1...')
#6 /home/hipldemo1/tvadi.hipl-staging1.com/wp-load.php(50): require_once('/home/hipldemo1...')
#7 /home/hipldemo1/tvadi.hipl-staging1.com/wp-admin/admin-ajax.php(22): require_once('/home/hipldemo1...')
#8 {main}
  thrown in /home/hipldemo1/tvadi.hipl-staging1.com/wp-content/themes/tvadimarket/inc/classes/class.tvadi-operations.php on line 657
[25-Jul-2024 12:23:56 UTC] PHP Fatal error:  Uncaught TypeError: implode(): Argument #2 ($array) must be of type ?array, WP_Error given in /home/hipldemo1/tvadi.hipl-staging1.com/wp-content/themes/tvadimarket/inc/classes/class.tvadi-operations.php:657
Stack trace:
#0 /home/hipldemo1/tvadi.hipl-staging1.com/wp-content/themes/tvadimarket/inc/classes/class.tvadi-operations.php(657): implode(', ', Object(WP_Error))
#1 /home/hipldemo1/tvadi.hipl-staging1.com/wp-content/themes/tvadimarket/inc/classes/class.tvadi-operations.php(11): TvadiOperations::playlists_handle_csv_export()
#2 /home/hipldemo1/tvadi.hipl-staging1.com/wp-content/themes/tvadimarket/inc/classes/class.tvadi-operations.php(668): TvadiOperations::init()
#3 /home/hipldemo1/tvadi.hipl-staging1.com/wp-content/themes/tvadimarket/functions.php(182): require('/home/hipldemo1...')
#4 /home/hipldemo1/tvadi.hipl-staging1.com/wp-settings.php(668): include('/home/hipldemo1...')
#5 /home/hipldemo1/tvadi.hipl-staging1.com/wp-config.php(105): require_once('/home/hipldemo1...')
#6 /home/hipldemo1/tvadi.hipl-staging1.com/wp-load.php(50): require_once('/home/hipldemo1...')
#7 /home/hipldemo1/tvadi.hipl-staging1.com/wp-admin/admin.php(34): require_once('/home/hipldemo1...')
#8 {main}
  thrown in /home/hipldemo1/tvadi.hipl-staging1.com/wp-content/themes/tvadimarket/inc/classes/class.tvadi-operations.php on line 657
[25-Jul-2024 12:24:22 UTC] PHP Fatal error:  Uncaught TypeError: implode(): Argument #2 ($array) must be of type ?array, WP_Error given in /home/hipldemo1/tvadi.hipl-staging1.com/wp-content/themes/tvadimarket/inc/classes/class.tvadi-operations.php:657
Stack trace:
#0 /home/hipldemo1/tvadi.hipl-staging1.com/wp-content/themes/tvadimarket/inc/classes/class.tvadi-operations.php(657): implode(', ', Object(WP_Error))
#1 /home/hipldemo1/tvadi.hipl-staging1.com/wp-content/themes/tvadimarket/inc/classes/class.tvadi-operations.php(11): TvadiOperations::playlists_handle_csv_export()
#2 /home/hipldemo1/tvadi.hipl-staging1.com/wp-content/themes/tvadimarket/inc/classes/class.tvadi-operations.php(668): TvadiOperations::init()
#3 /home/hipldemo1/tvadi.hipl-staging1.com/wp-content/themes/tvadimarket/functions.php(182): require('/home/hipldemo1...')
#4 /home/hipldemo1/tvadi.hipl-staging1.com/wp-settings.php(668): include('/home/hipldemo1...')
#5 /home/hipldemo1/tvadi.hipl-staging1.com/wp-config.php(105): require_once('/home/hipldemo1...')
#6 /home/hipldemo1/tvadi.hipl-staging1.com/wp-load.php(50): require_once('/home/hipldemo1...')
#7 /home/hipldemo1/tvadi.hipl-staging1.com/wp-admin/admin-ajax.php(22): require_once('/home/hipldemo1...')
#8 {main}
  thrown in /home/hipldemo1/tvadi.hipl-staging1.com/wp-content/themes/tvadimarket/inc/classes/class.tvadi-operations.php on line 657
[25-Jul-2024 12:26:09 UTC] PHP Warning:  mysqli_real_connect(): (HY000/2002): Connection refused in /home/hipldemo1/tvadi.hipl-staging1.com/wp-includes/class-wpdb.php on line 1982
[25-Jul-2024 12:26:09 UTC] PHP Warning:  mysqli_real_connect(): (HY000/2002): Connection refused in /home/hipldemo1/tvadi.hipl-staging1.com/wp-includes/class-wpdb.php on line 1982
[25-Jul-2024 12:26:09 UTC] PHP Warning:  mysqli_real_connect(): (HY000/2002): Connection refused in /home/hipldemo1/tvadi.hipl-staging1.com/wp-includes/class-wpdb.php on line 1982
[25-Jul-2024 12:26:12 UTC] PHP Warning:  mysqli_real_connect(): (HY000/2002): Connection refused in /home/hipldemo1/tvadi.hipl-staging1.com/wp-includes/class-wpdb.php on line 1982
[25-Jul-2024 12:26:16 UTC] PHP Warning:  mysqli_real_connect(): (HY000/2002): Connection refused in /home/hipldemo1/tvadi.hipl-staging1.com/wp-includes/class-wpdb.php on line 1982
[25-Jul-2024 12:29:13 UTC] PHP Warning:  Cannot modify header information - headers already sent by (output started at /home/hipldemo1/tvadi.hipl-staging1.com/wp-admin/includes/template.php:2649) in /home/hipldemo1/tvadi.hipl-staging1.com/wp-content/themes/tvadimarket/inc/classes/class.tvadi-operations.php on line 625
[25-Jul-2024 12:29:13 UTC] PHP Warning:  Cannot modify header information - headers already sent by (output started at /home/hipldemo1/tvadi.hipl-staging1.com/wp-admin/includes/template.php:2649) in /home/hipldemo1/tvadi.hipl-staging1.com/wp-content/themes/tvadimarket/inc/classes/class.tvadi-operations.php on line 626
[25-Jul-2024 12:34:08 UTC] PHP Warning:  Cannot modify header information - headers already sent by (output started at /home/hipldemo1/tvadi.hipl-staging1.com/wp-admin/includes/template.php:2649) in /home/hipldemo1/tvadi.hipl-staging1.com/wp-content/themes/tvadimarket/inc/classes/class.tvadi-operations.php on line 625
[25-Jul-2024 12:34:08 UTC] PHP Warning:  Cannot modify header information - headers already sent by (output started at /home/hipldemo1/tvadi.hipl-staging1.com/wp-admin/includes/template.php:2649) in /home/hipldemo1/tvadi.hipl-staging1.com/wp-content/themes/tvadimarket/inc/classes/class.tvadi-operations.php on line 626
[25-Jul-2024 12:37:47 UTC] PHP Warning:  Cannot modify header information - headers already sent by (output started at /home/hipldemo1/tvadi.hipl-staging1.com/wp-admin/includes/template.php:2649) in /home/hipldemo1/tvadi.hipl-staging1.com/wp-content/themes/tvadimarket/inc/classes/class.tvadi-operations.php on line 624
[25-Jul-2024 12:37:47 UTC] PHP Warning:  Cannot modify header information - headers already sent by (output started at /home/hipldemo1/tvadi.hipl-staging1.com/wp-admin/includes/template.php:2649) in /home/hipldemo1/tvadi.hipl-staging1.com/wp-content/themes/tvadimarket/inc/classes/class.tvadi-operations.php on line 625
[25-Jul-2024 12:37:47 UTC] PHP Warning:  Cannot modify header information - headers already sent by (output started at /home/hipldemo1/tvadi.hipl-staging1.com/wp-admin/includes/template.php:2649) in /home/hipldemo1/tvadi.hipl-staging1.com/wp-content/themes/tvadimarket/inc/classes/class.tvadi-operations.php on line 626
[25-Jul-2024 12:37:47 UTC] PHP Warning:  Cannot modify header information - headers already sent by (output started at /home/hipldemo1/tvadi.hipl-staging1.com/wp-admin/includes/template.php:2649) in /home/hipldemo1/tvadi.hipl-staging1.com/wp-content/themes/tvadimarket/inc/classes/class.tvadi-operations.php on line 627
[25-Jul-2024 12:37:47 UTC] PHP Warning:  Cannot modify header information - headers already sent by (output started at /home/hipldemo1/tvadi.hipl-staging1.com/wp-admin/includes/template.php:2649) in /home/hipldemo1/tvadi.hipl-staging1.com/wp-content/themes/tvadimarket/inc/classes/class.tvadi-operations.php on line 628
[25-Jul-2024 12:37:47 UTC] PHP Warning:  Cannot modify header information - headers already sent by (output started at /home/hipldemo1/tvadi.hipl-staging1.com/wp-admin/includes/template.php:2649) in /home/hipldemo1/tvadi.hipl-staging1.com/wp-content/themes/tvadimarket/inc/classes/class.tvadi-operations.php on line 630
[25-Jul-2024 12:37:47 UTC] PHP Warning:  Cannot modify header information - headers already sent by (output started at /home/hipldemo1/tvadi.hipl-staging1.com/wp-admin/includes/template.php:2649) in /home/hipldemo1/tvadi.hipl-staging1.com/wp-content/themes/tvadimarket/inc/classes/class.tvadi-operations.php on line 631
[25-Jul-2024 12:46:55 UTC] PHP Warning:  Cannot modify header information - headers already sent by (output started at /home/hipldemo1/tvadi.hipl-staging1.com/wp-admin/includes/template.php:2649) in /home/hipldemo1/tvadi.hipl-staging1.com/wp-content/themes/tvadimarket/inc/classes/class.tvadi-operations.php on line 622
[25-Jul-2024 12:46:55 UTC] PHP Warning:  Cannot modify header information - headers already sent by (output started at /home/hipldemo1/tvadi.hipl-staging1.com/wp-admin/includes/template.php:2649) in /home/hipldemo1/tvadi.hipl-staging1.com/wp-content/themes/tvadimarket/inc/classes/class.tvadi-operations.php on line 623
[25-Jul-2024 12:51:33 UTC] PHP Warning:  Cannot modify header information - headers already sent by (output started at /home/hipldemo1/tvadi.hipl-staging1.com/wp-admin/includes/template.php:2649) in /home/hipldemo1/tvadi.hipl-staging1.com/wp-content/themes/tvadimarket/inc/classes/class.tvadi-operations.php on line 624
[25-Jul-2024 12:51:33 UTC] PHP Warning:  Cannot modify header information - headers already sent by (output started at /home/hipldemo1/tvadi.hipl-staging1.com/wp-admin/includes/template.php:2649) in /home/hipldemo1/tvadi.hipl-staging1.com/wp-content/themes/tvadimarket/inc/classes/class.tvadi-operations.php on line 625
[26-Jul-2024 05:06:47 UTC] PHP Warning:  file_get_contents(): https:// wrapper is disabled in the server configuration by allow_url_fopen=0 in /home/hipldemo1/tvadi.hipl-staging1.com/wp-content/themes/tvadimarket/inc/classes/class.tvadi-frontend.php on line 981
[26-Jul-2024 05:06:47 UTC] PHP Warning:  file_get_contents(https://tvadi.hipl-staging1.com/wp-content/uploads/2024/06/featured-8.jpg): Failed to open stream: no suitable wrapper could be found in /home/hipldemo1/tvadi.hipl-staging1.com/wp-content/themes/tvadimarket/inc/classes/class.tvadi-frontend.php on line 981
[26-Jul-2024 05:06:47 UTC] PHP Notice:  getimagesize(): Error reading from /home/hipldemo1/tvadi.hipl-staging1.com/wp-content/uploads/2024/07/featured-8.jpg! in /home/hipldemo1/tvadi.hipl-staging1.com/wp-includes/media.php on line 5510
[26-Jul-2024 05:06:47 UTC] PHP Notice:  exif_imagetype(): Error reading from /home/hipldemo1/tvadi.hipl-staging1.com/wp-content/uploads/2024/07/featured-8.jpg! in /home/hipldemo1/tvadi.hipl-staging1.com/wp-includes/functions.php on line 3314
[26-Jul-2024 05:06:47 UTC] PHP Notice:  exif_imagetype(): Error reading from /home/hipldemo1/tvadi.hipl-staging1.com/wp-content/uploads/2024/07/featured-8.jpg! in /home/hipldemo1/tvadi.hipl-staging1.com/wp-includes/functions.php on line 3314
[26-Jul-2024 05:06:47 UTC] PHP Warning:  file_get_contents(): https:// wrapper is disabled in the server configuration by allow_url_fopen=0 in /home/hipldemo1/tvadi.hipl-staging1.com/wp-content/themes/tvadimarket/inc/classes/class.tvadi-frontend.php on line 981
[26-Jul-2024 05:06:47 UTC] PHP Warning:  file_get_contents(https://tvadi.hipl-staging1.com/wp-content/uploads/2024/06/video-editing.jpg): Failed to open stream: no suitable wrapper could be found in /home/hipldemo1/tvadi.hipl-staging1.com/wp-content/themes/tvadimarket/inc/classes/class.tvadi-frontend.php on line 981
[26-Jul-2024 05:06:47 UTC] PHP Notice:  getimagesize(): Error reading from /home/hipldemo1/tvadi.hipl-staging1.com/wp-content/uploads/2024/07/video-editing.jpg! in /home/hipldemo1/tvadi.hipl-staging1.com/wp-includes/media.php on line 5510
[26-Jul-2024 05:06:47 UTC] PHP Notice:  exif_imagetype(): Error reading from /home/hipldemo1/tvadi.hipl-staging1.com/wp-content/uploads/2024/07/video-editing.jpg! in /home/hipldemo1/tvadi.hipl-staging1.com/wp-includes/functions.php on line 3314
[26-Jul-2024 05:06:47 UTC] PHP Notice:  exif_imagetype(): Error reading from /home/hipldemo1/tvadi.hipl-staging1.com/wp-content/uploads/2024/07/video-editing.jpg! in /home/hipldemo1/tvadi.hipl-staging1.com/wp-includes/functions.php on line 3314
[26-Jul-2024 05:43:56 UTC] PHP Warning:  file_get_contents(): https:// wrapper is disabled in the server configuration by allow_url_fopen=0 in /home/hipldemo1/tvadi.hipl-staging1.com/wp-content/themes/tvadimarket/inc/classes/class.tvadi-frontend.php on line 981
[26-Jul-2024 05:43:56 UTC] PHP Warning:  file_get_contents(https://tvadi.hipl-staging1.com/wp-content/uploads/2024/07/santa-final-quilt-image-787x1024-2.webp): Failed to open stream: no suitable wrapper could be found in /home/hipldemo1/tvadi.hipl-staging1.com/wp-content/themes/tvadimarket/inc/classes/class.tvadi-frontend.php on line 981
[26-Jul-2024 05:43:56 UTC] PHP Notice:  getimagesize(): Error reading from /home/hipldemo1/tvadi.hipl-staging1.com/wp-content/uploads/2024/07/santa-final-quilt-image-787x1024-2.webp! in /home/hipldemo1/tvadi.hipl-staging1.com/wp-includes/media.php on line 5510
[26-Jul-2024 05:43:56 UTC] PHP Notice:  exif_imagetype(): Error reading from /home/hipldemo1/tvadi.hipl-staging1.com/wp-content/uploads/2024/07/santa-final-quilt-image-787x1024-2.webp! in /home/hipldemo1/tvadi.hipl-staging1.com/wp-includes/functions.php on line 3314
[26-Jul-2024 05:43:56 UTC] PHP Notice:  exif_imagetype(): Error reading from /home/hipldemo1/tvadi.hipl-staging1.com/wp-content/uploads/2024/07/santa-final-quilt-image-787x1024-2.webp! in /home/hipldemo1/tvadi.hipl-staging1.com/wp-includes/functions.php on line 3314
[26-Jul-2024 05:43:56 UTC] PHP Deprecated:  Function get_page_by_title is <strong>deprecated</strong> since version 6.2.0! Use WP_Query instead. in /home/hipldemo1/tvadi.hipl-staging1.com/wp-includes/functions.php on line 6085
[26-Jul-2024 05:46:16 UTC] PHP Warning:  file_get_contents(): https:// wrapper is disabled in the server configuration by allow_url_fopen=0 in /home/hipldemo1/tvadi.hipl-staging1.com/wp-content/themes/tvadimarket/inc/classes/class.tvadi-frontend.php on line 981
[26-Jul-2024 05:46:16 UTC] PHP Warning:  file_get_contents(https://tvadi.hipl-staging1.com/wp-content/uploads/2024/07/santa-final-quilt-image-787x1024-2.webp): Failed to open stream: no suitable wrapper could be found in /home/hipldemo1/tvadi.hipl-staging1.com/wp-content/themes/tvadimarket/inc/classes/class.tvadi-frontend.php on line 981
[26-Jul-2024 05:46:16 UTC] PHP Notice:  getimagesize(): Error reading from /home/hipldemo1/tvadi.hipl-staging1.com/wp-content/uploads/2024/07/santa-final-quilt-image-787x1024-2.webp! in /home/hipldemo1/tvadi.hipl-staging1.com/wp-includes/media.php on line 5510
[26-Jul-2024 05:46:16 UTC] PHP Notice:  exif_imagetype(): Error reading from /home/hipldemo1/tvadi.hipl-staging1.com/wp-content/uploads/2024/07/santa-final-quilt-image-787x1024-2.webp! in /home/hipldemo1/tvadi.hipl-staging1.com/wp-includes/functions.php on line 3314
[26-Jul-2024 05:46:16 UTC] PHP Notice:  exif_imagetype(): Error reading from /home/hipldemo1/tvadi.hipl-staging1.com/wp-content/uploads/2024/07/santa-final-quilt-image-787x1024-2.webp! in /home/hipldemo1/tvadi.hipl-staging1.com/wp-includes/functions.php on line 3314
[26-Jul-2024 05:46:16 UTC] PHP Deprecated:  Function get_page_by_title is <strong>deprecated</strong> since version 6.2.0! Use WP_Query instead. in /home/hipldemo1/tvadi.hipl-staging1.com/wp-includes/functions.php on line 6085
[26-Jul-2024 06:08:53 UTC] PHP Warning:  file_get_contents(): https:// wrapper is disabled in the server configuration by allow_url_fopen=0 in /home/hipldemo1/tvadi.hipl-staging1.com/wp-content/themes/tvadimarket/inc/classes/class.tvadi-frontend.php on line 981
[26-Jul-2024 06:08:53 UTC] PHP Warning:  file_get_contents(https://tvadi.hipl-staging1.com/wp-content/uploads/2024/05/mus-4.jpg): Failed to open stream: no suitable wrapper could be found in /home/hipldemo1/tvadi.hipl-staging1.com/wp-content/themes/tvadimarket/inc/classes/class.tvadi-frontend.php on line 981
[26-Jul-2024 06:08:53 UTC] PHP Notice:  getimagesize(): Error reading from /home/hipldemo1/tvadi.hipl-staging1.com/wp-content/uploads/2024/07/mus-4.jpg! in /home/hipldemo1/tvadi.hipl-staging1.com/wp-includes/media.php on line 5510
[26-Jul-2024 06:08:53 UTC] PHP Notice:  exif_imagetype(): Error reading from /home/hipldemo1/tvadi.hipl-staging1.com/wp-content/uploads/2024/07/mus-4.jpg! in /home/hipldemo1/tvadi.hipl-staging1.com/wp-includes/functions.php on line 3314
[26-Jul-2024 06:08:53 UTC] PHP Notice:  exif_imagetype(): Error reading from /home/hipldemo1/tvadi.hipl-staging1.com/wp-content/uploads/2024/07/mus-4.jpg! in /home/hipldemo1/tvadi.hipl-staging1.com/wp-includes/functions.php on line 3314
[26-Jul-2024 06:08:53 UTC] PHP Deprecated:  Function get_page_by_title is <strong>deprecated</strong> since version 6.2.0! Use WP_Query instead. in /home/hipldemo1/tvadi.hipl-staging1.com/wp-includes/functions.php on line 6085
[26-Jul-2024 06:08:53 UTC] PHP Warning:  file_get_contents(): https:// wrapper is disabled in the server configuration by allow_url_fopen=0 in /home/hipldemo1/tvadi.hipl-staging1.com/wp-content/themes/tvadimarket/inc/classes/class.tvadi-frontend.php on line 981
[26-Jul-2024 06:08:53 UTC] PHP Warning:  file_get_contents(https://tvadi.hipl-staging1.com/wp-content/uploads/2024/05/mus-4.jpg): Failed to open stream: no suitable wrapper could be found in /home/hipldemo1/tvadi.hipl-staging1.com/wp-content/themes/tvadimarket/inc/classes/class.tvadi-frontend.php on line 981
[26-Jul-2024 06:08:53 UTC] PHP Notice:  getimagesize(): Error reading from /home/hipldemo1/tvadi.hipl-staging1.com/wp-content/uploads/2024/07/mus-4.jpg! in /home/hipldemo1/tvadi.hipl-staging1.com/wp-includes/media.php on line 5510
[26-Jul-2024 06:08:53 UTC] PHP Notice:  exif_imagetype(): Error reading from /home/hipldemo1/tvadi.hipl-staging1.com/wp-content/uploads/2024/07/mus-4.jpg! in /home/hipldemo1/tvadi.hipl-staging1.com/wp-includes/functions.php on line 3314
[26-Jul-2024 06:08:53 UTC] PHP Notice:  exif_imagetype(): Error reading from /home/hipldemo1/tvadi.hipl-staging1.com/wp-content/uploads/2024/07/mus-4.jpg! in /home/hipldemo1/tvadi.hipl-staging1.com/wp-includes/functions.php on line 3314
[26-Jul-2024 06:08:53 UTC] PHP Deprecated:  Function get_page_by_title is <strong>deprecated</strong> since version 6.2.0! Use WP_Query instead. in /home/hipldemo1/tvadi.hipl-staging1.com/wp-includes/functions.php on line 6085
[26-Jul-2024 06:20:03 UTC] PHP Warning:  file_get_contents(): https:// wrapper is disabled in the server configuration by allow_url_fopen=0 in /home/hipldemo1/tvadi.hipl-staging1.com/wp-content/themes/tvadimarket/inc/classes/class.tvadi-frontend.php on line 981
[26-Jul-2024 06:20:03 UTC] PHP Warning:  file_get_contents(https://tvadi.hipl-staging1.com/wp-content/uploads/2024/07/edward-howell-eWrJQFRhP88-unsplash-scaled.jpg): Failed to open stream: no suitable wrapper could be found in /home/hipldemo1/tvadi.hipl-staging1.com/wp-content/themes/tvadimarket/inc/classes/class.tvadi-frontend.php on line 981
[26-Jul-2024 06:20:03 UTC] PHP Notice:  getimagesize(): Error reading from /home/hipldemo1/tvadi.hipl-staging1.com/wp-content/uploads/2024/07/edward-howell-eWrJQFRhP88-unsplash-scaled.jpg! in /home/hipldemo1/tvadi.hipl-staging1.com/wp-includes/media.php on line 5510
[26-Jul-2024 06:20:03 UTC] PHP Notice:  exif_imagetype(): Error reading from /home/hipldemo1/tvadi.hipl-staging1.com/wp-content/uploads/2024/07/edward-howell-eWrJQFRhP88-unsplash-scaled.jpg! in /home/hipldemo1/tvadi.hipl-staging1.com/wp-includes/functions.php on line 3314
[26-Jul-2024 06:20:03 UTC] PHP Notice:  exif_imagetype(): Error reading from /home/hipldemo1/tvadi.hipl-staging1.com/wp-content/uploads/2024/07/edward-howell-eWrJQFRhP88-unsplash-scaled.jpg! in /home/hipldemo1/tvadi.hipl-staging1.com/wp-includes/functions.php on line 3314
[26-Jul-2024 06:20:03 UTC] PHP Warning:  file_get_contents(): https:// wrapper is disabled in the server configuration by allow_url_fopen=0 in /home/hipldemo1/tvadi.hipl-staging1.com/wp-content/themes/tvadimarket/inc/classes/class.tvadi-frontend.php on line 981
[26-Jul-2024 06:20:03 UTC] PHP Warning:  file_get_contents(https://tvadi.hipl-staging1.com/wp-content/uploads/2024/07/edward-howell-eWrJQFRhP88-unsplash-scaled.jpg): Failed to open stream: no suitable wrapper could be found in /home/hipldemo1/tvadi.hipl-staging1.com/wp-content/themes/tvadimarket/inc/classes/class.tvadi-frontend.php on line 981
[26-Jul-2024 06:20:03 UTC] PHP Notice:  getimagesize(): Error reading from /home/hipldemo1/tvadi.hipl-staging1.com/wp-content/uploads/2024/07/edward-howell-eWrJQFRhP88-unsplash-scaled.jpg! in /home/hipldemo1/tvadi.hipl-staging1.com/wp-includes/media.php on line 5510
[26-Jul-2024 06:20:03 UTC] PHP Notice:  exif_imagetype(): Error reading from /home/hipldemo1/tvadi.hipl-staging1.com/wp-content/uploads/2024/07/edward-howell-eWrJQFRhP88-unsplash-scaled.jpg! in /home/hipldemo1/tvadi.hipl-staging1.com/wp-includes/functions.php on line 3314
[26-Jul-2024 06:20:03 UTC] PHP Notice:  exif_imagetype(): Error reading from /home/hipldemo1/tvadi.hipl-staging1.com/wp-content/uploads/2024/07/edward-howell-eWrJQFRhP88-unsplash-scaled.jpg! in /home/hipldemo1/tvadi.hipl-staging1.com/wp-includes/functions.php on line 3314
[26-Jul-2024 11:24:49 UTC] PHP Parse error:  syntax error, unexpected variable "$chatid" in /home/hipldemo1/tvadi.hipl-staging1.com/wp-content/themes/tvadimarket/inc/classes/class.chat-process-handler.php on line 36
[26-Jul-2024 11:24:49 UTC] PHP Warning:  Trying to access array offset on value of type bool in /home/hipldemo1/tvadi.hipl-staging1.com/wp-includes/class-wp-recovery-mode-email-service.php on line 367
[26-Jul-2024 11:24:49 UTC] PHP Warning:  Trying to access array offset on value of type bool in /home/hipldemo1/tvadi.hipl-staging1.com/wp-includes/class-wp-recovery-mode-email-service.php on line 368
[26-Jul-2024 11:26:50 UTC] PHP Parse error:  syntax error, unexpected variable "$chatid" in /home/hipldemo1/tvadi.hipl-staging1.com/wp-content/themes/tvadimarket/inc/classes/class.chat-process-handler.php on line 36
[26-Jul-2024 11:27:57 UTC] PHP Parse error:  syntax error, unexpected variable "$chatid" in /home/hipldemo1/tvadi.hipl-staging1.com/wp-content/themes/tvadimarket/inc/classes/class.chat-process-handler.php on line 36
[26-Jul-2024 11:27:57 UTC] PHP Parse error:  syntax error, unexpected variable "$chatid" in /home/hipldemo1/tvadi.hipl-staging1.com/wp-content/themes/tvadimarket/inc/classes/class.chat-process-handler.php on line 36
[26-Jul-2024 11:28:00 UTC] PHP Parse error:  syntax error, unexpected variable "$chatid" in /home/hipldemo1/tvadi.hipl-staging1.com/wp-content/themes/tvadimarket/inc/classes/class.chat-process-handler.php on line 36
[26-Jul-2024 11:28:00 UTC] PHP Parse error:  syntax error, unexpected variable "$chatid" in /home/hipldemo1/tvadi.hipl-staging1.com/wp-content/themes/tvadimarket/inc/classes/class.chat-process-handler.php on line 36
[26-Jul-2024 12:16:21 UTC] WordPress database error You have an error in your SQL syntax; check the manual that corresponds to your MySQL server version for the right syntax to use near 'FROM `tJe3Quj_chat_main_tbl`' at line 1 for query SELECT FROM `tJe3Quj_chat_main_tbl` made by require('wp-blog-header.php'), require_once('wp-includes/template-loader.php'), include('/themes/tvadimarket/templates/chat-page.php')
[26-Jul-2024 12:16:55 UTC] WordPress database error You have an error in your SQL syntax; check the manual that corresponds to your MySQL server version for the right syntax to use near 'FROM `tJe3Quj_chat_main_tbl`' at line 1 for query SELECT FROM `tJe3Quj_chat_main_tbl` made by require('wp-blog-header.php'), require_once('wp-includes/template-loader.php'), include('/themes/tvadimarket/templates/chat-page.php')
[26-Jul-2024 12:18:14 UTC] WordPress database error You have an error in your SQL syntax; check the manual that corresponds to your MySQL server version for the right syntax to use near 'FROM `tJe3Quj_chat_main_tbl`' at line 1 for query SELECT FROM `tJe3Quj_chat_main_tbl` made by require('wp-blog-header.php'), require_once('wp-includes/template-loader.php'), include('/themes/tvadimarket/templates/chat-page.php')
[26-Jul-2024 12:25:47 UTC] PHP Warning:  Undefined property: stdClass::$ID in /home/hipldemo1/tvadi.hipl-staging1.com/wp-content/themes/tvadimarket/templates/chat-page.php on line 730
[26-Jul-2024 12:25:47 UTC] PHP Deprecated:  strpos(): Passing null to parameter #1 ($haystack) of type string is deprecated in /home/hipldemo1/tvadi.hipl-staging1.com/wp-content/plugins/pods/classes/fields/avatar.php on line 315
[26-Jul-2024 12:25:47 UTC] PHP Warning:  Undefined property: stdClass::$display_name in /home/hipldemo1/tvadi.hipl-staging1.com/wp-content/themes/tvadimarket/templates/chat-page.php on line 739
[26-Jul-2024 12:28:58 UTC] PHP Warning:  Undefined property: stdClass::$display_name in /home/hipldemo1/tvadi.hipl-staging1.com/wp-content/themes/tvadimarket/templates/chat-page.php on line 741
[26-Jul-2024 12:29:19 UTC] PHP Warning:  Undefined property: stdClass::$display_name in /home/hipldemo1/tvadi.hipl-staging1.com/wp-content/themes/tvadimarket/templates/chat-page.php on line 742
[26-Jul-2024 12:29:36 UTC] PHP Warning:  Undefined property: stdClass::$display_name in /home/hipldemo1/tvadi.hipl-staging1.com/wp-content/themes/tvadimarket/templates/chat-page.php on line 742
[29-Jul-2024 09:50:45 UTC] PHP Parse error:  syntax error, unexpected token "}" in /home/hipldemo1/tvadi.hipl-staging1.com/wp-content/themes/tvadimarket/inc/classes/class.chat-process-handler.php on line 59
[29-Jul-2024 09:50:45 UTC] PHP Warning:  Trying to access array offset on value of type bool in /home/hipldemo1/tvadi.hipl-staging1.com/wp-includes/class-wp-recovery-mode-email-service.php on line 367
[29-Jul-2024 09:50:45 UTC] PHP Warning:  Trying to access array offset on value of type bool in /home/hipldemo1/tvadi.hipl-staging1.com/wp-includes/class-wp-recovery-mode-email-service.php on line 368
[29-Jul-2024 10:18:59 UTC] PHP Parse error:  syntax error, unexpected token "if" in /home/hipldemo1/tvadi.hipl-staging1.com/wp-content/themes/tvadimarket/inc/classes/class.chat-process-handler.php on line 80
[29-Jul-2024 10:21:00 UTC] PHP Parse error:  syntax error, unexpected token "if" in /home/hipldemo1/tvadi.hipl-staging1.com/wp-content/themes/tvadimarket/inc/classes/class.chat-process-handler.php on line 80
[29-Jul-2024 10:23:01 UTC] PHP Parse error:  syntax error, unexpected token "if" in /home/hipldemo1/tvadi.hipl-staging1.com/wp-content/themes/tvadimarket/inc/classes/class.chat-process-handler.php on line 80
[29-Jul-2024 10:25:02 UTC] PHP Parse error:  syntax error, unexpected token "if" in /home/hipldemo1/tvadi.hipl-staging1.com/wp-content/themes/tvadimarket/inc/classes/class.chat-process-handler.php on line 80
[29-Jul-2024 10:27:03 UTC] PHP Parse error:  syntax error, unexpected token "if" in /home/hipldemo1/tvadi.hipl-staging1.com/wp-content/themes/tvadimarket/inc/classes/class.chat-process-handler.php on line 80
[29-Jul-2024 10:29:03 UTC] PHP Parse error:  syntax error, unexpected token "if" in /home/hipldemo1/tvadi.hipl-staging1.com/wp-content/themes/tvadimarket/inc/classes/class.chat-process-handler.php on line 80
[29-Jul-2024 10:31:05 UTC] PHP Parse error:  syntax error, unexpected token "if" in /home/hipldemo1/tvadi.hipl-staging1.com/wp-content/themes/tvadimarket/inc/classes/class.chat-process-handler.php on line 80
[29-Jul-2024 10:32:03 UTC] PHP Parse error:  syntax error, unexpected token "if" in /home/hipldemo1/tvadi.hipl-staging1.com/wp-content/themes/tvadimarket/inc/classes/class.chat-process-handler.php on line 80
[29-Jul-2024 10:32:04 UTC] PHP Parse error:  syntax error, unexpected token "if" in /home/hipldemo1/tvadi.hipl-staging1.com/wp-content/themes/tvadimarket/inc/classes/class.chat-process-handler.php on line 80
[29-Jul-2024 10:33:03 UTC] PHP Parse error:  syntax error, unexpected token "if" in /home/hipldemo1/tvadi.hipl-staging1.com/wp-content/themes/tvadimarket/inc/classes/class.chat-process-handler.php on line 80
[29-Jul-2024 10:33:05 UTC] PHP Parse error:  syntax error, unexpected token "if" in /home/hipldemo1/tvadi.hipl-staging1.com/wp-content/themes/tvadimarket/inc/classes/class.chat-process-handler.php on line 80
[29-Jul-2024 10:33:09 UTC] PHP Parse error:  syntax error, unexpected token "if" in /home/hipldemo1/tvadi.hipl-staging1.com/wp-content/themes/tvadimarket/inc/classes/class.chat-process-handler.php on line 80
[29-Jul-2024 10:33:10 UTC] PHP Parse error:  syntax error, unexpected token "if" in /home/hipldemo1/tvadi.hipl-staging1.com/wp-content/themes/tvadimarket/inc/classes/class.chat-process-handler.php on line 80
[29-Jul-2024 10:34:45 UTC] PHP Parse error:  syntax error, unexpected token "if" in /home/hipldemo1/tvadi.hipl-staging1.com/wp-content/themes/tvadimarket/inc/classes/class.chat-process-handler.php on line 80
[29-Jul-2024 10:34:45 UTC] PHP Parse error:  syntax error, unexpected token "if" in /home/hipldemo1/tvadi.hipl-staging1.com/wp-content/themes/tvadimarket/inc/classes/class.chat-process-handler.php on line 80
[29-Jul-2024 10:35:00 UTC] PHP Parse error:  syntax error, unexpected token "if" in /home/hipldemo1/tvadi.hipl-staging1.com/wp-content/themes/tvadimarket/inc/classes/class.chat-process-handler.php on line 80
[29-Jul-2024 10:35:01 UTC] PHP Parse error:  syntax error, unexpected token "if" in /home/hipldemo1/tvadi.hipl-staging1.com/wp-content/themes/tvadimarket/inc/classes/class.chat-process-handler.php on line 80
[29-Jul-2024 10:35:07 UTC] PHP Parse error:  syntax error, unexpected token "if" in /home/hipldemo1/tvadi.hipl-staging1.com/wp-content/themes/tvadimarket/inc/classes/class.chat-process-handler.php on line 80
[29-Jul-2024 10:35:42 UTC] PHP Parse error:  syntax error, unexpected token "if" in /home/hipldemo1/tvadi.hipl-staging1.com/wp-content/themes/tvadimarket/inc/classes/class.chat-process-handler.php on line 80
[29-Jul-2024 10:35:43 UTC] PHP Parse error:  syntax error, unexpected token "if" in /home/hipldemo1/tvadi.hipl-staging1.com/wp-content/themes/tvadimarket/inc/classes/class.chat-process-handler.php on line 80
[29-Jul-2024 10:36:36 UTC] PHP Parse error:  syntax error, unexpected token "if" in /home/hipldemo1/tvadi.hipl-staging1.com/wp-content/themes/tvadimarket/inc/classes/class.chat-process-handler.php on line 80
[29-Jul-2024 10:36:36 UTC] PHP Parse error:  syntax error, unexpected token "if" in /home/hipldemo1/tvadi.hipl-staging1.com/wp-content/themes/tvadimarket/inc/classes/class.chat-process-handler.php on line 80
[29-Jul-2024 10:36:46 UTC] PHP Parse error:  syntax error, unexpected token "if" in /home/hipldemo1/tvadi.hipl-staging1.com/wp-content/themes/tvadimarket/inc/classes/class.chat-process-handler.php on line 80
[29-Jul-2024 10:36:46 UTC] PHP Parse error:  syntax error, unexpected token "if" in /home/hipldemo1/tvadi.hipl-staging1.com/wp-content/themes/tvadimarket/inc/classes/class.chat-process-handler.php on line 80
[29-Jul-2024 10:43:11 UTC] PHP Parse error:  syntax error, unexpected token "if" in /home/hipldemo1/tvadi.hipl-staging1.com/wp-content/themes/tvadimarket/inc/classes/class.chat-process-handler.php on line 80
[29-Jul-2024 10:45:12 UTC] PHP Parse error:  syntax error, unexpected token "if" in /home/hipldemo1/tvadi.hipl-staging1.com/wp-content/themes/tvadimarket/inc/classes/class.chat-process-handler.php on line 80
[29-Jul-2024 10:47:13 UTC] PHP Parse error:  syntax error, unexpected token "if" in /home/hipldemo1/tvadi.hipl-staging1.com/wp-content/themes/tvadimarket/inc/classes/class.chat-process-handler.php on line 80
[31-Jul-2024 05:13:38 UTC] PHP Fatal error:  Uncaught Error: Cannot access "self" when no class scope is active in /home/hipldemo1/tvadi.hipl-staging1.com/wp-content/themes/tvadimarket/templates/chat-page.php:136
Stack trace:
#0 /home/hipldemo1/tvadi.hipl-staging1.com/wp-includes/template-loader.php(106): include()
#1 /home/hipldemo1/tvadi.hipl-staging1.com/wp-blog-header.php(19): require_once('/home/hipldemo1...')
#2 /home/hipldemo1/tvadi.hipl-staging1.com/index.php(17): require('/home/hipldemo1...')
#3 {main}
  thrown in /home/hipldemo1/tvadi.hipl-staging1.com/wp-content/themes/tvadimarket/templates/chat-page.php on line 136
[31-Jul-2024 05:13:49 UTC] PHP Fatal error:  Uncaught Error: Cannot access "self" when no class scope is active in /home/hipldemo1/tvadi.hipl-staging1.com/wp-content/themes/tvadimarket/templates/chat-page.php:136
Stack trace:
#0 /home/hipldemo1/tvadi.hipl-staging1.com/wp-includes/template-loader.php(106): include()
#1 /home/hipldemo1/tvadi.hipl-staging1.com/wp-blog-header.php(19): require_once('/home/hipldemo1...')
#2 /home/hipldemo1/tvadi.hipl-staging1.com/index.php(17): require('/home/hipldemo1...')
#3 {main}
  thrown in /home/hipldemo1/tvadi.hipl-staging1.com/wp-content/themes/tvadimarket/templates/chat-page.php on line 136
[31-Jul-2024 05:14:16 UTC] PHP Fatal error:  Uncaught Error: Cannot access "self" when no class scope is active in /home/hipldemo1/tvadi.hipl-staging1.com/wp-content/themes/tvadimarket/templates/chat-page.php:136
Stack trace:
#0 /home/hipldemo1/tvadi.hipl-staging1.com/wp-includes/template-loader.php(106): include()
#1 /home/hipldemo1/tvadi.hipl-staging1.com/wp-blog-header.php(19): require_once('/home/hipldemo1...')
#2 /home/hipldemo1/tvadi.hipl-staging1.com/index.php(17): require('/home/hipldemo1...')
#3 {main}
  thrown in /home/hipldemo1/tvadi.hipl-staging1.com/wp-content/themes/tvadimarket/templates/chat-page.php on line 136
